-------------------------------------------------------------------------------
Test set: com.lemniscate.Car.CarApplicationTests
-------------------------------------------------------------------------------
Tests run: 1, Failures: 0, Errors: 1, Skipped: 0, Time elapsed: 6.903 s <<< FAILURE! - in com.lemniscate.Car.CarApplicationTests
contextLoads  Time elapsed: 0.01 s  <<< ERROR!
java.lang.IllegalStateException: Failed to load ApplicationContext
Caused by: org.springframework.beans.factory.UnsatisfiedDependencyException: Error creating bean with name 'loginController': Unsatisfied dependency expressed through field 'loginService'; nested exception is org.springframework.beans.factory.UnsatisfiedDependencyException: Error creating bean with name 'loginSerivceImpl': Unsatisfied dependency expressed through field 'srepo'; nested exception is org.springframework.beans.factory.BeanCreationException: Error creating bean with name 'sessionRepository' defined in com.lemniscate.Car.repository.SessionRepository defined in @EnableJpaRepositories declared on JpaRepositoriesRegistrar.EnableJpaRepositoriesConfiguration: Invocation of init method failed; nested exception is org.springframework.data.repository.query.QueryCreationException: Could not create query for public abstract com.lemniscate.Car.model.CurrentUserSession com.lemniscate.Car.repository.SessionRepository.findByCustomer_id(java.lang.Integer); Reason: Failed to create query for method public abstract com.lemniscate.Car.model.CurrentUserSession com.lemniscate.Car.repository.SessionRepository.findByCustomer_id(java.lang.Integer)! No property 'customer' found for type 'CurrentUserSession'; nested exception is java.lang.IllegalArgumentException: Failed to create query for method public abstract com.lemniscate.Car.model.CurrentUserSession com.lemniscate.Car.repository.SessionRepository.findByCustomer_id(java.lang.Integer)! No property 'customer' found for type 'CurrentUserSession'
Caused by: org.springframework.beans.factory.UnsatisfiedDependencyException: Error creating bean with name 'loginSerivceImpl': Unsatisfied dependency expressed through field 'srepo'; nested exception is org.springframework.beans.factory.BeanCreationException: Error creating bean with name 'sessionRepository' defined in com.lemniscate.Car.repository.SessionRepository defined in @EnableJpaRepositories declared on JpaRepositoriesRegistrar.EnableJpaRepositoriesConfiguration: Invocation of init method failed; nested exception is org.springframework.data.repository.query.QueryCreationException: Could not create query for public abstract com.lemniscate.Car.model.CurrentUserSession com.lemniscate.Car.repository.SessionRepository.findByCustomer_id(java.lang.Integer); Reason: Failed to create query for method public abstract com.lemniscate.Car.model.CurrentUserSession com.lemniscate.Car.repository.SessionRepository.findByCustomer_id(java.lang.Integer)! No property 'customer' found for type 'CurrentUserSession'; nested exception is java.lang.IllegalArgumentException: Failed to create query for method public abstract com.lemniscate.Car.model.CurrentUserSession com.lemniscate.Car.repository.SessionRepository.findByCustomer_id(java.lang.Integer)! No property 'customer' found for type 'CurrentUserSession'
Caused by: org.springframework.beans.factory.BeanCreationException: Error creating bean with name 'sessionRepository' defined in com.lemniscate.Car.repository.SessionRepository defined in @EnableJpaRepositories declared on JpaRepositoriesRegistrar.EnableJpaRepositoriesConfiguration: Invocation of init method failed; nested exception is org.springframework.data.repository.query.QueryCreationException: Could not create query for public abstract com.lemniscate.Car.model.CurrentUserSession com.lemniscate.Car.repository.SessionRepository.findByCustomer_id(java.lang.Integer); Reason: Failed to create query for method public abstract com.lemniscate.Car.model.CurrentUserSession com.lemniscate.Car.repository.SessionRepository.findByCustomer_id(java.lang.Integer)! No property 'customer' found for type 'CurrentUserSession'; nested exception is java.lang.IllegalArgumentException: Failed to create query for method public abstract com.lemniscate.Car.model.CurrentUserSession com.lemniscate.Car.repository.SessionRepository.findByCustomer_id(java.lang.Integer)! No property 'customer' found for type 'CurrentUserSession'
Caused by: org.springframework.data.repository.query.QueryCreationException: Could not create query for public abstract com.lemniscate.Car.model.CurrentUserSession com.lemniscate.Car.repository.SessionRepository.findByCustomer_id(java.lang.Integer); Reason: Failed to create query for method public abstract com.lemniscate.Car.model.CurrentUserSession com.lemniscate.Car.repository.SessionRepository.findByCustomer_id(java.lang.Integer)! No property 'customer' found for type 'CurrentUserSession'; nested exception is java.lang.IllegalArgumentException: Failed to create query for method public abstract com.lemniscate.Car.model.CurrentUserSession com.lemniscate.Car.repository.SessionRepository.findByCustomer_id(java.lang.Integer)! No property 'customer' found for type 'CurrentUserSession'
Caused by: java.lang.IllegalArgumentException: Failed to create query for method public abstract com.lemniscate.Car.model.CurrentUserSession com.lemniscate.Car.repository.SessionRepository.findByCustomer_id(java.lang.Integer)! No property 'customer' found for type 'CurrentUserSession'
Caused by: org.springframework.data.mapping.PropertyReferenceException: No property 'customer' found for type 'CurrentUserSession'

